[debug] [2022-01-15T02:49:30.586Z] ----------------------------------------------------------------------
[debug] [2022-01-15T02:49:30.590Z] Command:       /usr/local/bin/firebase /Users/luongngocthaonguyen/.cache/firebase/tools/lib/node_modules/firebase-tools/lib/bin/firebase init hosting
[debug] [2022-01-15T02:49:30.591Z] CLI Version:   10.1.0
[debug] [2022-01-15T02:49:30.591Z] Platform:      darwin
[debug] [2022-01-15T02:49:30.591Z] Node Version:  v12.18.1
[debug] [2022-01-15T02:49:30.592Z] Time:          Fri Jan 14 2022 18:49:30 GMT-0800 (Pacific Standard Time)
[debug] [2022-01-15T02:49:30.592Z] ----------------------------------------------------------------------
[debug] 
[debug] [2022-01-15T02:49:30.607Z] > command requires scopes: ["email","openid","https://www.googleapis.com/auth/cloudplatformprojects.readonly","https://www.googleapis.com/auth/firebase","https://www.googleapis.com/auth/cloud-platform"]
[debug] [2022-01-15T02:49:30.608Z] > authorizing via signed-in user (luongngocthaonguyen2309@gmail.com)
[info] 
     ######## #### ########  ######## ########     ###     ######  ########
     ##        ##  ##     ## ##       ##     ##  ##   ##  ##       ##
     ######    ##  ########  ######   ########  #########  ######  ######
     ##        ##  ##    ##  ##       ##     ## ##     ##       ## ##
     ##       #### ##     ## ######## ########  ##     ##  ######  ########

You're about to initialize a Firebase project in this directory:

  /Users/luongngocthaonguyen/Documents/School/UCSD/CSE134B/cse134-hw1

[info] 
=== Project Setup
[info] 
[info] First, let's associate this project directory with a Firebase project.
[info] You can create multiple project aliases by running firebase use --add, 
[info] but for now we'll just set up a default project.
[info] 
[info] i  If you want to create a project in a Google Cloud organization or folder, please use "firebase projects:create" instead, and return to this command when you've created the project. 
[debug] [2022-01-15T02:52:19.543Z] > refreshing access token with scopes: ["email","https://www.googleapis.com/auth/cloud-platform","https://www.googleapis.com/auth/cloudplatformprojects.readonly","https://www.googleapis.com/auth/firebase","openid"]
[debug] [2022-01-15T02:52:19.543Z] >>> HTTP REQUEST POST https://www.googleapis.com/oauth2/v3/token  
 <request body omitted>
[debug] [2022-01-15T02:52:19.710Z] <<< HTTP RESPONSE 200 {"cache-control":"no-cache, no-store, max-age=0, must-revalidate","date":"Sat, 15 Jan 2022 02:52:19 GMT","expires":"Mon, 01 Jan 1990 00:00:00 GMT","pragma":"no-cache","content-type":"application/json; charset=utf-8","vary":"X-Origin, Referer, Origin,Accept-Encoding","server":"scaffolding on HTTPServer2","x-xss-protection":"0","x-frame-options":"SAMEORIGIN","x-content-type-options":"nosniff","alt-svc":"h3=\":443\"; ma=2592000,h3-29=\":443\"; ma=2592000,h3-Q050=\":443\"; ma=2592000,h3-Q046=\":443\"; ma=2592000,h3-Q043=\":443\"; ma=2592000,quic=\":443\"; ma=2592000; v=\"46,43\"","accept-ranges":"none","transfer-encoding":"chunked"}
[debug] [2022-01-15T02:52:19.766Z] >>> HTTP REQUEST POST https://cloudresourcemanager.googleapis.com/v1/projects  
 {"projectId":"cse134b_hw1","name":"cse134b_hw1"}
[debug] [2022-01-15T02:52:19.932Z] <<< HTTP RESPONSE 400 {"vary":"X-Origin, Referer, Origin,Accept-Encoding","content-type":"application/json; charset=UTF-8","date":"Sat, 15 Jan 2022 02:52:19 GMT","server":"ESF","cache-control":"private","x-xss-protection":"0","x-frame-options":"SAMEORIGIN","x-content-type-options":"nosniff","server-timing":"gfet4t7; dur=55","alt-svc":"h3=\":443\"; ma=2592000,h3-29=\":443\"; ma=2592000,h3-Q050=\":443\"; ma=2592000,h3-Q046=\":443\"; ma=2592000,h3-Q043=\":443\"; ma=2592000,quic=\":443\"; ma=2592000; v=\"46,43\"","accept-ranges":"none","transfer-encoding":"chunked"}
[debug] [2022-01-15T02:52:19.932Z] <<< HTTP RESPONSE BODY {"error":{"code":400,"message":"Request contains an invalid argument.","status":"INVALID_ARGUMENT","details":[{"@type":"type.googleapis.com/google.rpc.BadRequest","fieldViolations":[{"field":"project_id","description":"project_id contains invalid characters"},{"field":"display_name","description":"project display name contains invalid characters"}]},{"@type":"type.googleapis.com/google.rpc.Help","links":[{"url":"https://cloud.google.com/resource-manager/reference/rest/v1/projects"}]}]}}
[debug] [2022-01-15T02:52:20.070Z] FirebaseError: HTTP Error: 400, Request contains an invalid argument.
    at module.exports (/Users/luongngocthaonguyen/.cache/firebase/tools/lib/node_modules/firebase-tools/lib/responseToError.js:38:12)
    at Request._callback (/Users/luongngocthaonguyen/.cache/firebase/tools/lib/node_modules/firebase-tools/lib/api.js:41:35)
    at Request.self.callback (/Users/luongngocthaonguyen/.cache/firebase/tools/lib/node_modules/request/request.js:185:22)
    at Request.emit (events.js:315:20)
    at Request.EventEmitter.emit (domain.js:482:12)
    at Request.<anonymous> (/Users/luongngocthaonguyen/.cache/firebase/tools/lib/node_modules/request/request.js:1154:10)
    at Request.emit (events.js:315:20)
    at Request.EventEmitter.emit (domain.js:482:12)
    at IncomingMessage.<anonymous> (/Users/luongngocthaonguyen/.cache/firebase/tools/lib/node_modules/request/request.js:1076:12)
    at Object.onceWrapper (events.js:421:28)
    at IncomingMessage.emit (events.js:327:22)
    at IncomingMessage.EventEmitter.emit (domain.js:482:12)
    at endReadableNT (_stream_readable.js:1221:12)
    at processTicksAndRejections (internal/process/task_queues.js:84:21)
[error] 
[error] Error: Failed to create project. See firebase-debug.log for more info.
[debug] [2022-01-15T03:12:01.218Z] ----------------------------------------------------------------------
[debug] [2022-01-15T03:12:01.225Z] Command:       /usr/local/bin/firebase /Users/luongngocthaonguyen/.cache/firebase/tools/lib/node_modules/firebase-tools/lib/bin/firebase init hosting
[debug] [2022-01-15T03:12:01.226Z] CLI Version:   10.1.0
[debug] [2022-01-15T03:12:01.226Z] Platform:      darwin
[debug] [2022-01-15T03:12:01.227Z] Node Version:  v12.18.1
[debug] [2022-01-15T03:12:01.247Z] Time:          Fri Jan 14 2022 19:12:01 GMT-0800 (Pacific Standard Time)
[debug] [2022-01-15T03:12:01.247Z] ----------------------------------------------------------------------
[debug] 
[debug] [2022-01-15T03:12:01.279Z] > command requires scopes: ["email","openid","https://www.googleapis.com/auth/cloudplatformprojects.readonly","https://www.googleapis.com/auth/firebase","https://www.googleapis.com/auth/cloud-platform"]
[debug] [2022-01-15T03:12:01.279Z] > authorizing via signed-in user (luongngocthaonguyen2309@gmail.com)
[info] 
     ######## #### ########  ######## ########     ###     ######  ########
     ##        ##  ##     ## ##       ##     ##  ##   ##  ##       ##
     ######    ##  ########  ######   ########  #########  ######  ######
     ##        ##  ##    ##  ##       ##     ## ##     ##       ## ##
     ##       #### ##     ## ######## ########  ##     ##  ######  ########

You're about to initialize a Firebase project in this directory:

  /Users/luongngocthaonguyen/Documents/School/UCSD/CSE134B/cse134-hw1

[info] 
=== Project Setup
[info] 
[info] First, let's associate this project directory with a Firebase project.
[info] You can create multiple project aliases by running firebase use --add, 
[info] but for now we'll just set up a default project.
[info] 
[debug] [2022-01-15T03:12:03.561Z] > refreshing access token with scopes: []
[debug] [2022-01-15T03:12:03.562Z] >>> HTTP REQUEST POST https://www.googleapis.com/oauth2/v3/token  
 <request body omitted>
[debug] [2022-01-15T03:12:03.884Z] <<< HTTP RESPONSE 200 {"date":"Sat, 15 Jan 2022 03:12:03 GMT","cache-control":"no-cache, no-store, max-age=0, must-revalidate","pragma":"no-cache","expires":"Mon, 01 Jan 1990 00:00:00 GMT","content-type":"application/json; charset=utf-8","vary":"X-Origin, Referer, Origin,Accept-Encoding","server":"scaffolding on HTTPServer2","x-xss-protection":"0","x-frame-options":"SAMEORIGIN","x-content-type-options":"nosniff","alt-svc":"h3=\":443\"; ma=2592000,h3-29=\":443\"; ma=2592000,h3-Q050=\":443\"; ma=2592000,h3-Q046=\":443\"; ma=2592000,h3-Q043=\":443\"; ma=2592000,quic=\":443\"; ma=2592000; v=\"46,43\"","accept-ranges":"none","transfer-encoding":"chunked"}
[debug] [2022-01-15T03:12:03.955Z] >>> [apiv2][query] GET https://firebase.googleapis.com/v1beta1/projects pageSize=100
[debug] [2022-01-15T03:12:04.364Z] <<< [apiv2][status] GET https://firebase.googleapis.com/v1beta1/projects 200
[debug] [2022-01-15T03:12:04.364Z] <<< [apiv2][body] GET https://firebase.googleapis.com/v1beta1/projects [omitted]
[info] i  Using project cse134b-hw1-11461 (cse134b-hw1) 
[info] 
=== Hosting Setup
[info] 
[info] Your public directory is the folder (relative to your project directory) that
[info] will contain Hosting assets to be uploaded with firebase deploy. If you
[info] have a build process for your assets, use your build's output directory.
[info] 
[info] ✔  Wrote public/404.html 
[debug] [2022-01-15T03:15:08.067Z] >>> [apiv2][query] GET https://www.gstatic.com/firebasejs/releases.json [none]
[debug] [2022-01-15T03:15:08.167Z] <<< [apiv2][status] GET https://www.gstatic.com/firebasejs/releases.json 200
[debug] [2022-01-15T03:15:08.168Z] <<< [apiv2][body] GET https://www.gstatic.com/firebasejs/releases.json {"current":{"version":"9.6.3","browserURL":"https://www.gstatic.com/firebasejs/9.6.3/firebase.js","packageURL":"https://www.gstatic.com/firebasejs/9.6.3/firebase.tgz"},"live":{"version":"9.6","browserURL":"https://www.gstatic.com/firebasejs/live/9.6/firebase.js","packageURL":"https://www.gstatic.com/firebasejs/live/9.6/firebase.tgz"},"components":{"analytics":"https://www.gstatic.com/firebasejs/9.6.3/firebase-analytics.js","app":"https://www.gstatic.com/firebasejs/9.6.3/firebase-app.js","app-check":"https://www.gstatic.com/firebasejs/9.6.3/firebase-app-check.js","auth":"https://www.gstatic.com/firebasejs/9.6.3/firebase-auth.js","auth/cordova":"https://www.gstatic.com/firebasejs/9.6.3/firebase-auth/cordova.js","auth/react-native":"https://www.gstatic.com/firebasejs/9.6.3/firebase-auth/react-native.js","functions":"https://www.gstatic.com/firebasejs/9.6.3/firebase-functions.js","firestore":"https://www.gstatic.com/firebasejs/9.6.3/firebase-firestore.js","firestore/lite":"https://www.gstatic.com/firebasejs/9.6.3/firebase-firestore/lite.js","storage":"https://www.gstatic.com/firebasejs/9.6.3/firebase-storage.js","performance":"https://www.gstatic.com/firebasejs/9.6.3/firebase-performance.js","remote-config":"https://www.gstatic.com/firebasejs/9.6.3/firebase-remote-config.js","messaging":"https://www.gstatic.com/firebasejs/9.6.3/firebase-messaging.js","messaging/sw":"https://www.gstatic.com/firebasejs/9.6.3/firebase-messaging/sw.js","database":"https://www.gstatic.com/firebasejs/9.6.3/firebase-database.js","firestore.memory":"https://www.gstatic.com/firebasejs/9.6.3/firebase-firestore.memory.js"}}
[info] ✔  Wrote public/index.html 
[info] 
[info] i  Detected a .git folder at /Users/luongngocthaonguyen/Documents/School/UCSD/CSE134B/cse134-hw1 
[info] i  Authorizing with GitHub to upload your service account to a GitHub repository's secrets store. 
[info] 
[info] Visit this URL on this device to log in:
[info] https://github.com/login/oauth/authorize?client_id=89cf50f02ac6aaed3484&state=372866587&redirect_uri=http%3A%2F%2Flocalhost%3A9005&scope=read%3Auser%20repo%20public_repo
[info] 
[info] Waiting for authentication...
[debug] [2022-01-15T03:18:23.018Z] >>> HTTP REQUEST POST https://github.com/login/oauth/access_token  
 {"client_id":"89cf50f02ac6aaed3484","client_secret":"3330d14abc895d9a74d5f17cd7a00711fa2c5bf0","code":"b8a1338a6a6773010c73","redirect_uri":"http://localhost:9005","state":"372866587"}
[debug] [2022-01-15T03:18:23.490Z] <<< HTTP RESPONSE 200 {"server":"GitHub.com","date":"Sat, 15 Jan 2022 03:18:23 GMT","content-type":"application/json; charset=utf-8","transfer-encoding":"chunked","vary":"X-PJAX, X-PJAX-Container, Accept-Encoding, Accept, X-Requested-With","permissions-policy":"interest-cohort=()","etag":"W/\"b45ae74498593dbfd33405b1594e0cdc\"","cache-control":"max-age=0, private, must-revalidate","strict-transport-security":"max-age=31536000; includeSubdomains; preload","x-frame-options":"deny","x-content-type-options":"nosniff","x-xss-protection":"0","referrer-policy":"origin-when-cross-origin, strict-origin-when-cross-origin","expect-ct":"max-age=2592000, report-uri=\"https://api.github.com/_private/browser/errors\"","content-security-policy":"default-src 'none'; base-uri 'self'; block-all-mixed-content; child-src github.com/assets-cdn/worker/ gist.github.com/assets-cdn/worker/; connect-src 'self' uploads.github.com objects-origin.githubusercontent.com www.githubstatus.com collector.githubapp.com api.github.com github-cloud.s3.amazonaws.com github-production-repository-file-5c1aeb.s3.amazonaws.com github-production-upload-manifest-file-7fdce7.s3.amazonaws.com github-production-user-asset-6210df.s3.amazonaws.com cdn.optimizely.com logx.optimizely.com/v1/events translator.github.com wss://alive.github.com; font-src github.githubassets.com; form-action 'self' github.com gist.github.com objects-origin.githubusercontent.com; frame-ancestors 'none'; frame-src render.githubusercontent.com viewscreen.githubusercontent.com notebooks.githubusercontent.com; img-src 'self' data: github.githubassets.com identicons.github.com collector.githubapp.com github-cloud.s3.amazonaws.com secured-user-images.githubusercontent.com/ *.githubusercontent.com; manifest-src 'self'; media-src github.com user-images.githubusercontent.com/; script-src github.githubassets.com; style-src 'unsafe-inline' github.githubassets.com; worker-src github.com/assets-cdn/worker/ gist.github.com/assets-cdn/worker/","x-github-request-id":"CD94:458A:A0BFA:398E73:61E23CFF"}
[debug] [2022-01-15T03:18:23.501Z] >>> [apiv2][query] GET https://api.github.com/user [none]
[debug] [2022-01-15T03:18:23.821Z] <<< [apiv2][status] GET https://api.github.com/user 200
[debug] [2022-01-15T03:18:23.821Z] <<< [apiv2][body] GET https://api.github.com/user {"login":"nglu","id":41319378,"node_id":"MDQ6VXNlcjQxMzE5Mzc4","avatar_url":"https://avatars.githubusercontent.com/u/41319378?v=4","gravatar_id":"","url":"https://api.github.com/users/nglu","html_url":"https://github.com/nglu","followers_url":"https://api.github.com/users/nglu/followers","following_url":"https://api.github.com/users/nglu/following{/other_user}","gists_url":"https://api.github.com/users/nglu/gists{/gist_id}","starred_url":"https://api.github.com/users/nglu/starred{/owner}{/repo}","subscriptions_url":"https://api.github.com/users/nglu/subscriptions","organizations_url":"https://api.github.com/users/nglu/orgs","repos_url":"https://api.github.com/users/nglu/repos","events_url":"https://api.github.com/users/nglu/events{/privacy}","received_events_url":"https://api.github.com/users/nglu/received_events","type":"User","site_admin":false,"name":"Nguyen Luong","company":null,"blog":"","location":"San Jose, CA","email":null,"hireable":null,"bio":"CS major students","twitter_username":null,"public_repos":13,"public_gists":0,"followers":0,"following":0,"created_at":"2018-07-17T06:24:55Z","updated_at":"2022-01-15T03:18:02Z","private_gists":0,"total_private_repos":1,"owned_private_repos":1,"disk_usage":247470,"collaborators":1,"two_factor_authentication":false,"plan":{"name":"free","space":976562499,"collaborators":0,"private_repos":10000}}
[info] 
[info] ✔  Success! Logged into GitHub as nglu 
[info] 
[debug] [2022-01-15T03:18:51.195Z] >>> [apiv2][query] GET https://api.github.com/repos//actions/secrets/public-key type=owner
[debug] [2022-01-15T03:18:51.450Z] <<< [apiv2][status] GET https://api.github.com/repos//actions/secrets/public-key 404
[debug] [2022-01-15T03:18:51.450Z] <<< [apiv2][body] GET https://api.github.com/repos//actions/secrets/public-key {"message":"Not Found","documentation_url":"https://docs.github.com/rest"}
[debug] [2022-01-15T03:18:53.007Z] >>> [apiv2][query] GET https://api.github.com/repos//actions/secrets/public-key type=owner
[debug] [2022-01-15T03:18:53.230Z] <<< [apiv2][status] GET https://api.github.com/repos//actions/secrets/public-key 404
[debug] [2022-01-15T03:18:53.231Z] <<< [apiv2][body] GET https://api.github.com/repos//actions/secrets/public-key {"message":"Not Found","documentation_url":"https://docs.github.com/rest"}
[debug] [2022-01-15T03:22:23.215Z] >>> [apiv2][query] GET https://api.github.com/repos/nglu/cse134b-hw1/actions/secrets/public-key type=owner
[debug] [2022-01-15T03:22:23.461Z] <<< [apiv2][status] GET https://api.github.com/repos/nglu/cse134b-hw1/actions/secrets/public-key 404
[debug] [2022-01-15T03:22:23.462Z] <<< [apiv2][body] GET https://api.github.com/repos/nglu/cse134b-hw1/actions/secrets/public-key {"message":"Not Found","documentation_url":"https://docs.github.com/rest/reference/actions#get-a-repository-public-key"}
[debug] [2022-01-15T03:22:24.897Z] >>> [apiv2][query] GET https://api.github.com/repos/nglu/cse134b-hw1/actions/secrets/public-key type=owner
[debug] [2022-01-15T03:22:25.118Z] <<< [apiv2][status] GET https://api.github.com/repos/nglu/cse134b-hw1/actions/secrets/public-key 404
[debug] [2022-01-15T03:22:25.119Z] <<< [apiv2][body] GET https://api.github.com/repos/nglu/cse134b-hw1/actions/secrets/public-key {"message":"Not Found","documentation_url":"https://docs.github.com/rest/reference/actions#get-a-repository-public-key"}
[debug] [2022-01-15T03:22:29.278Z] >>> [apiv2][query] GET https://api.github.com/repos/nglu/cse134b-hw1/actions/secrets/public-key type=owner
[debug] [2022-01-15T03:22:29.504Z] <<< [apiv2][status] GET https://api.github.com/repos/nglu/cse134b-hw1/actions/secrets/public-key 404
[debug] [2022-01-15T03:22:29.504Z] <<< [apiv2][body] GET https://api.github.com/repos/nglu/cse134b-hw1/actions/secrets/public-key {"message":"Not Found","documentation_url":"https://docs.github.com/rest/reference/actions#get-a-repository-public-key"}
[debug] [2022-01-15T03:24:02.744Z] >>> [apiv2][query] GET https://api.github.com/repos//actions/secrets/public-key type=owner
[debug] [2022-01-15T03:24:02.975Z] <<< [apiv2][status] GET https://api.github.com/repos//actions/secrets/public-key 404
[debug] [2022-01-15T03:24:02.975Z] <<< [apiv2][body] GET https://api.github.com/repos//actions/secrets/public-key {"message":"Not Found","documentation_url":"https://docs.github.com/rest"}
